ChatDemoUI3.0/build/outputs/logs/manifest-merger-debug-report.txt
-- Merging decision tree log ---
manifest
ADDED from examples\ChatDemoUI3.0\AndroidManifest.xml:2:1-644:12
	package
		ADDED from examples\ChatDemoUI3.0\AndroidManifest.xml:4:5-39
		INJECTED from examples\ChatDemoUI3.0\AndroidManifest.xml
		INJECTED from examples\ChatDemoUI3.0\AndroidManifest.xml
	android:versionName
		ADDED from examples\ChatDemoUI3.0\AndroidManifest.xml:7:5-32
		INJECTED from examples\ChatDemoUI3.0\AndroidManifest.xml
		INJECTED from examples\ChatDemoUI3.0\AndroidManifest.xml
	xmlns:tools
		ADDED from examples\ChatDemoUI3.0\AndroidManifest.xml:3:5-51
	android:versionCode
		ADDED from examples\ChatDemoUI3.0\AndroidManifest.xml:5:5-29
		INJECTED from examples\ChatDemoUI3.0\AndroidManifest.xml
		INJECTED from examples\ChatDemoUI3.0\AndroidManifest.xml
	xmlns:android
		ADDED from examples\ChatDemoUI3.0\AndroidManifest.xml:2:11-69
	android:largeHeap
		ADDED from examples\ChatDemoUI3.0\AndroidManifest.xml:6:5-29
uses-sdk
ADDED from examples\ChatDemoUI3.0\AndroidManifest.xml:9:5-12:59
MERGED from [com.android.support:multidex:1.0.1] AndroidManifest.xml:18:5-42
MERGED from [ChatDemoUI3.0:redpacketlibrary:unspecified] AndroidManifest.xml:7:5-9:41
MERGED from [ChatDemoUI3.0:EaseUI:unspecified] AndroidManifest.xml:7:5-9:41
MERGED from [ChatDemoUI3.0:EaseUI:unspecified] AndroidManifest.xml:7:5-9:41
MERGED from [com.prolificinteractive:material-calendarview:1.4.2] AndroidManifest.xml:8:5-10:41
MERGED from [com.github.citux:datetimepicker:0.2.0] AndroidManifest.xml:22:5-24:41
MERGED from [com.android.support:support-v13:23.1.1] AndroidManifest.xml:20:5-44
MERGED from [com.github.chrisbanes.actionbarpulltorefresh:library:0.9.9] AndroidManifest.xml:2:5-72
MERGED from [com.github.castorflex.smoothprogressbar:library:0.4.0] AndroidManifest.xml:3:5-72
MERGED from [com.wang.avi:library:2.1.3] AndroidManifest.xml:7:5-9:41
MERGED from [com.apkfuns.xprogressdialog:xprogressdialog:1.2.0] AndroidManifest.xml:7:5-9:41
MERGED from [com.github.allan1st:JellyRefreshLayout:2.0] AndroidManifest.xml:7:5-9:41
MERGED from [com.android.support:appcompat-v7:25.1.0] AndroidManifest.xml:21:5-23:78
MERGED from [com.android.support:support-vector-drawable:25.1.0] AndroidManifest.xml:21:5-43
MERGED from [com.android.support:support-compat:25.1.0] AndroidManifest.xml:21:5-23:58
MERGED from [com.android.support:animated-vector-drawable:25.1.0] AndroidManifest.xml:20:5-44
MERGED from [com.android.support:support-vector-drawable:25.1.0] AndroidManifest.xml:21:5-43
MERGED from [com.android.support:support-compat:25.1.0] AndroidManifest.xml:21:5-23:58
MERGED from [com.android.support:appcompat-v7:25.1.0] AndroidManifest.xml:21:5-23:78
MERGED from [com.android.support:support-vector-drawable:25.1.0] AndroidManifest.xml:21:5-43
MERGED from [com.android.support:support-compat:25.1.0] AndroidManifest.xml:21:5-23:58
MERGED from [com.android.support:animated-vector-drawable:25.1.0] AndroidManifest.xml:20:5-44
MERGED from [com.android.support:support-vector-drawable:25.1.0] AndroidManifest.xml:21:5-43
MERGED from [com.android.support:support-compat:25.1.0] AndroidManifest.xml:21:5-23:58
MERGED from [cn.bingoogolapple:bga-refreshlayout:1.1.7] AndroidManifest.xml:6:5-8:41
MERGED from [com.android.support:appcompat-v7:25.1.0] AndroidManifest.xml:21:5-23:78
MERGED from [com.android.support:support-vector-drawable:25.1.0] AndroidManifest.xml:21:5-43
MERGED from [com.android.support:support-compat:25.1.0] AndroidManifest.xml:21:5-23:58
MERGED from [com.android.support:animated-vector-drawable:25.1.0] AndroidManifest.xml:20:5-44
MERGED from [com.android.support:support-vector-drawable:25.1.0] AndroidManifest.xml:21:5-43
MERGED from [com.android.support:support-compat:25.1.0] AndroidManifest.xml:21:5-23:58
MERGED from [com.android.databinding:library:1.2.1] AndroidManifest.xml:22:5-24:41
MERGED from [com.android.databinding:adapters:1.2.1] AndroidManifest.xml:22:5-24:41
MERGED from [com.android.databinding:library:1.2.1] AndroidManifest.xml:22:5-24:41
	tools:overrideLibrary
		ADDED from examples\ChatDemoUI3.0\AndroidManifest.xml:12:9-56
	android:targetSdkVersion
		ADDED from examples\ChatDemoUI3.0\AndroidManifest.xml:11:9-38
		INJECTED from examples\ChatDemoUI3.0\AndroidManifest.xml
		INJECTED from examples\ChatDemoUI3.0\AndroidManifest.xml
	android:minSdkVersion
		ADDED from examples\ChatDemoUI3.0\AndroidManifest.xml:10:9-35
		INJECTED from examples\ChatDemoUI3.0\AndroidManifest.xml
		INJECTED from examples\ChatDemoUI3.0\AndroidManifest.xml
uses-permission#android.permission.VIBRATE
ADDED from examples\ChatDemoUI3.0\AndroidManifest.xml:14:5-66
MERGED from [com.github.citux:datetimepicker:0.2.0] AndroidManifest.xml:26:5-66
	android:name
		ADDED from examples\ChatDemoUI3.0\AndroidManifest.xml:14:22-63
uses-permission#android.permission.INTERNET
ADDED from examples\ChatDemoUI3.0\AndroidManifest.xml:15:5-67
	android:name
		ADDED from examples\ChatDemoUI3.0\AndroidManifest.xml:15:22-64
uses-permission#android.permission.RECORD_AUDIO
ADDED from examples\ChatDemoUI3.0\AndroidManifest.xml:16:5-71
	android:name
		ADDED from examples\ChatDemoUI3.0\AndroidManifest.xml:16:22-68
uses-permission#android.permission.CAMERA
ADDED from examples\ChatDemoUI3.0\AndroidManifest.xml:17:5-65
	android:name
		ADDED from examples\ChatDemoUI3.0\AndroidManifest.xml:17:22-62
uses-permission#android.permission.ACCESS_NETWORK_STATE
ADDED from examples\ChatDemoUI3.0\AndroidManifest.xml:18:5-79
	android:name
		ADDED from examples\ChatDemoUI3.0\AndroidManifest.xml:18:22-76
uses-permission#android.permission.WRITE_EXTERNAL_STORAGE
ADDED from examples\ChatDemoUI3.0\AndroidManifest.xml:19:5-81
	android:name
		ADDED from examples\ChatDemoUI3.0\AndroidManifest.xml:19:22-78
uses-permission#android.permission.MOUNT_UNMOUNT_FILESYSTEMS
ADDED from examples\ChatDemoUI3.0\AndroidManifest.xml:20:5-84
	android:name
		ADDED from examples\ChatDemoUI3.0\AndroidManifest.xml:20:22-81
uses-permission#android.permission.ACCESS_FINE_LOCATION
ADDED from examples\ChatDemoUI3.0\AndroidManifest.xml:21:5-79
	android:name
		ADDED from examples\ChatDemoUI3.0\AndroidManifest.xml:21:22-76
uses-permission#android.permission.GET_TASKS
ADDED from examples\ChatDemoUI3.0\AndroidManifest.xml:22:5-68
	android:name
		ADDED from examples\ChatDemoUI3.0\AndroidManifest.xml:22:22-65
uses-permission#android.permission.ACCESS_WIFI_STATE
ADDED from examples\ChatDemoUI3.0\AndroidManifest.xml:23:5-76
	android:name
		ADDED from examples\ChatDemoUI3.0\AndroidManifest.xml:23:22-73
uses-permission#android.permission.CHANGE_WIFI_STATE
ADDED from examples\ChatDemoUI3.0\AndroidManifest.xml:24:5-76
	android:name
		ADDED from examples\ChatDemoUI3.0\AndroidManifest.xml:24:22-73
uses-permission#android.permission.WAKE_LOCK
ADDED from examples\ChatDemoUI3.0\AndroidManifest.xml:25:5-68
	android:name
		ADDED from examples\ChatDemoUI3.0\AndroidManifest.xml:25:22-65
uses-permission#android.permission.MODIFY_AUDIO_SETTINGS
ADDED from examples\ChatDemoUI3.0\AndroidManifest.xml:26:5-80
	android:name
		ADDED from examples\ChatDemoUI3.0\AndroidManifest.xml:26:22-77
uses-permission#android.permission.READ_PHONE_STATE
ADDED from examples\ChatDemoUI3.0\AndroidManifest.xml:27:5-75
	android:name
		ADDED from examples\ChatDemoUI3.0\AndroidManifest.xml:27:22-72
uses-permission#android.permission.RECEIVE_BOOT_COMPLETED
ADDED from examples\ChatDemoUI3.0\AndroidManifest.xml:28:5-81
	android:name
		ADDED from examples\ChatDemoUI3.0\AndroidManifest.xml:28:22-78
uses-permission#android.permission.USE_CREDENTIALS
ADDED from examples\ChatDemoUI3.0\AndroidManifest.xml:29:5-74
	android:name
		ADDED from examples\ChatDemoUI3.0\AndroidManifest.xml:29:22-71
uses-permission#com.android.launcher.permission.READ_SETTINGS
ADDED from examples\ChatDemoUI3.0\AndroidManifest.xml:30:5-85
	android:name
		ADDED from examples\ChatDemoUI3.0\AndroidManifest.xml:30:22-82
uses-permission#android.permission.BROADCAST_STICKY
ADDED from examples\ChatDemoUI3.0\AndroidManifest.xml:31:5-75
	android:name
		ADDED from examples\ChatDemoUI3.0\AndroidManifest.xml:31:22-72
uses-permission#android.permission.WRITE_SETTINGS
ADDED from examples\ChatDemoUI3.0\AndroidManifest.xml:32:5-73
	android:name
		ADDED from examples\ChatDemoUI3.0\AndroidManifest.xml:32:22-70
uses-permission#android.permission.REQUEST_IGNORE_BATTERY_OPTIMIZATIONS
ADDED from examples\ChatDemoUI3.0\AndroidManifest.xml:33:5-95
	android:name
		ADDED from examples\ChatDemoUI3.0\AndroidManifest.xml:33:22-92
uses-permission#com.google.android.c2dm.permission.RECEIVE
ADDED from examples\ChatDemoUI3.0\AndroidManifest.xml:36:5-82
	android:name
		ADDED from examples\ChatDemoUI3.0\AndroidManifest.xml:36:22-79
permission#com.hyphenate.chatuidemo.permission.C2D_MESSAGE
ADDED from examples\ChatDemoUI3.0\AndroidManifest.xml:38:5-40:47
	android:protectionLevel
		ADDED from examples\ChatDemoUI3.0\AndroidManifest.xml:40:9-44
	android:name
		ADDED from examples\ChatDemoUI3.0\AndroidManifest.xml:39:9-71
uses-permission#com.hyphenate.chatuidemo.permission.C2D_MESSAGE
ADDED from examples\ChatDemoUI3.0\AndroidManifest.xml:42:5-87
	android:name
		ADDED from examples\ChatDemoUI3.0\AndroidManifest.xml:42:22-84
permission#com.hyphenate.chatuidemo.permission.MIPUSH_RECEIVE
ADDED from examples\ChatDemoUI3.0\AndroidManifest.xml:44:5-46:47
	android:protectionLevel
		ADDED from examples\ChatDemoUI3.0\AndroidManifest.xml:46:9-44
	android:name
		ADDED from examples\ChatDemoUI3.0\AndroidManifest.xml:45:9-74
uses-permission#com.hyphenate.chatuidemo.permission.MIPUSH_RECEIVE
ADDED from examples\ChatDemoUI3.0\AndroidManifest.xml:48:5-90
	android:name
		ADDED from examples\ChatDemoUI3.0\AndroidManifest.xml:48:22-87
android:uses-permission#android.permission.READ_EXTERNAL_STORAGE
ADDED from examples\ChatDemoUI3.0\AndroidManifest.xml:50:5-88
	android:name
		ADDED from examples\ChatDemoUI3.0\AndroidManifest.xml:50:30-85
application
ADDED from examples\ChatDemoUI3.0\AndroidManifest.xml:52:5-642:19
MERGED from [com.prolificinteractive:material-calendarview:1.4.2] AndroidManifest.xml:12:5-20
MERGED from [com.github.citux:datetimepicker:0.2.0] AndroidManifest.xml:28:5-20
MERGED from [com.android.support:support-v13:23.1.1] AndroidManifest.xml:22:5-20
MERGED from [com.github.chrisbanes.actionbarpulltorefresh:library:0.9.9] AndroidManifest.xml:3:5-19
MERGED from [com.github.castorflex.smoothprogressbar:library:0.4.0] AndroidManifest.xml:5:5-19
MERGED from [com.apkfuns.xprogressdialog:xprogressdialog:1.2.0] AndroidManifest.xml:11:5-12:19
MERGED from [com.github.allan1st:JellyRefreshLayout:2.0] AndroidManifest.xml:11:5-14:19
MERGED from [com.android.support:appcompat-v7:25.1.0] AndroidManifest.xml:25:5-20
MERGED from [com.android.support:support-vector-drawable:25.1.0] AndroidManifest.xml:23:5-20
MERGED from [com.android.support:support-compat:25.1.0] AndroidManifest.xml:25:5-20
MERGED from [com.android.support:animated-vector-drawable:25.1.0] AndroidManifest.xml:22:5-20
MERGED from [com.android.support:support-vector-drawable:25.1.0] AndroidManifest.xml:23:5-20
MERGED from [com.android.support:support-compat:25.1.0] AndroidManifest.xml:25:5-20
MERGED from [com.android.support:appcompat-v7:25.1.0] AndroidManifest.xml:25:5-20
MERGED from [com.android.support:support-vector-drawable:25.1.0] AndroidManifest.xml:23:5-20
MERGED from [com.android.support:support-compat:25.1.0] AndroidManifest.xml:25:5-20
MERGED from [com.android.support:animated-vector-drawable:25.1.0] AndroidManifest.xml:22:5-20
MERGED from [com.android.support:support-vector-drawable:25.1.0] AndroidManifest.xml:23:5-20
MERGED from [com.android.support:support-compat:25.1.0] AndroidManifest.xml:25:5-20
MERGED from [com.android.support:appcompat-v7:25.1.0] AndroidManifest.xml:25:5-20
MERGED from [com.android.support:support-vector-drawable:25.1.0] AndroidManifest.xml:23:5-20
MERGED from [com.android.support:support-compat:25.1.0] AndroidManifest.xml:25:5-20
MERGED from [com.android.support:animated-vector-drawable:25.1.0] AndroidManifest.xml:22:5-20
MERGED from [com.android.support:support-vector-drawable:25.1.0] AndroidManifest.xml:23:5-20
MERGED from [com.android.support:support-compat:25.1.0] AndroidManifest.xml:25:5-20
	android:label
		ADDED from examples\ChatDemoUI3.0\AndroidManifest.xml:57:9-41
	android:allowBackup
		ADDED from examples\ChatDemoUI3.0\AndroidManifest.xml:54:9-35
	android:icon
		ADDED from examples\ChatDemoUI3.0\AndroidManifest.xml:56:9-42
	android:largeHeap
		ADDED from examples\ChatDemoUI3.0\AndroidManifest.xml:55:9-33
	android:name
		ADDED from examples\ChatDemoUI3.0\AndroidManifest.xml:53:9-40
activity#com.hyphenate.chatuidemo.ui.MainActivity
ADDED from examples\ChatDemoUI3.0\AndroidManifest.xml:58:9-63:64
	android:screenOrientation
		ADDED from examples\ChatDemoUI3.0\AndroidManifest.xml:61:13-49
	android:launchMode
		ADDED from examples\ChatDemoUI3.0\AndroidManifest.xml:60:13-44
	android:windowSoftInputMode
		ADDED from examples\ChatDemoUI3.0\AndroidManifest.xml:63:13-52
	android:theme
		ADDED from examples\ChatDemoUI3.0\AndroidManifest.xml:62:13-52
	android:name
		ADDED from examples\ChatDemoUI3.0\AndroidManifest.xml:59:13-44
activity#com.hyphenate.chatuidemo.ui.SplashActivity
ADDED from examples\ChatDemoUI3.0\AndroidManifest.xml:66:9-71:20
	android:screenOrientation
		ADDED from examples\ChatDemoUI3.0\AndroidManifest.xml:68:13-49
	android:theme
		ADDED from examples\ChatDemoUI3.0\AndroidManifest.xml:69:13-52
	android:name
		ADDED from examples\ChatDemoUI3.0\AndroidManifest.xml:67:13-46
activity#com.hyphenate.chatuidemo.ui.LoginActivity
ADDED from examples\ChatDemoUI3.0\AndroidManifest.xml:74:9-78:80
	android:screenOrientation
		ADDED from examples\ChatDemoUI3.0\AndroidManifest.xml:76:13-49
	android:windowSoftInputMode
		ADDED from examples\ChatDemoUI3.0\AndroidManifest.xml:78:13-68
	android:theme
		ADDED from examples\ChatDemoUI3.0\AndroidManifest.xml:77:13-52
	android:name
		ADDED from examples\ChatDemoUI3.0\AndroidManifest.xml:75:13-45
activity#com.hyphenate.chatuidemo.ui.RegisterActivity
ADDED from examples\ChatDemoUI3.0\AndroidManifest.xml:81:9-85:80
	android:screenOrientation
		ADDED from examples\ChatDemoUI3.0\AndroidManifest.xml:83:13-49
	android:windowSoftInputMode
		ADDED from examples\ChatDemoUI3.0\AndroidManifest.xml:85:13-68
	android:theme
		ADDED from examples\ChatDemoUI3.0\AndroidManifest.xml:84:13-52
	android:name
		ADDED from examples\ChatDemoUI3.0\AndroidManifest.xml:82:13-48
activity#com.hyphenate.chatuidemo.ui.ChatActivity
ADDED from examples\ChatDemoUI3.0\AndroidManifest.xml:87:9-92:67
	android:screenOrientation
		ADDED from examples\ChatDemoUI3.0\AndroidManifest.xml:90:13-49
	android:launchMode
		ADDED from examples\ChatDemoUI3.0\AndroidManifest.xml:89:13-44
	android:windowSoftInputMode
		ADDED from examples\ChatDemoUI3.0\AndroidManifest.xml:92:13-55
	android:theme
		ADDED from examples\ChatDemoUI3.0\AndroidManifest.xml:91:13-52
	android:name
		ADDED from examples\ChatDemoUI3.0\AndroidManifest.xml:88:13-44
activity#com.hyphenate.chatuidemo.ui.AddContactActivity
ADDED from examples\ChatDemoUI3.0\AndroidManifest.xml:94:9-98:67
	android:screenOrientation
		ADDED from examples\ChatDemoUI3.0\AndroidManifest.xml:96:13-49
	android:windowSoftInputMode
		ADDED from examples\ChatDemoUI3.0\AndroidManifest.xml:98:13-55
	android:theme
		ADDED from examples\ChatDemoUI3.0\AndroidManifest.xml:97:13-52
	android:name
		ADDED from examples\ChatDemoUI3.0\AndroidManifest.xml:95:13-50
activity#com.hyphenate.chatuidemo.ui.GroupDetailsActivity
ADDED from examples\ChatDemoUI3.0\AndroidManifest.xml:100:9-103:64
	android:screenOrientation
		ADDED from examples\ChatDemoUI3.0\AndroidManifest.xml:102:13-49
	android:theme
		ADDED from examples\ChatDemoUI3.0\AndroidManifest.xml:103:13-52
	android:name
		ADDED from examples\ChatDemoUI3.0\AndroidManifest.xml:101:13-52
activity#com.hyphenate.chatuidemo.ui.GroupsActivity
ADDED from examples\ChatDemoUI3.0\AndroidManifest.xml:105:9-109:64
	android:screenOrientation
		ADDED from examples\ChatDemoUI3.0\AndroidManifest.xml:107:13-49
	android:windowSoftInputMode
		ADDED from examples\ChatDemoUI3.0\AndroidManifest.xml:109:13-52
	android:theme
		ADDED from examples\ChatDemoUI3.0\AndroidManifest.xml:108:13-52
	android:name
		ADDED from examples\ChatDemoUI3.0\AndroidManifest.xml:106:13-46
activity#com.hyphenate.chatuidemo.ui.ChatRoomDetailsActivity
ADDED from examples\ChatDemoUI3.0\AndroidManifest.xml:112:9-115:64
	android:screenOrientation
		ADDED from examples\ChatDemoUI3.0\AndroidManifest.xml:114:13-49
	android:theme
		ADDED from examples\ChatDemoUI3.0\AndroidManifest.xml:115:13-52
	android:name
		ADDED from examples\ChatDemoUI3.0\AndroidManifest.xml:113:13-55
activity#com.hyphenate.chatuidemo.ui.NewGroupActivity
ADDED from examples\ChatDemoUI3.0\AndroidManifest.xml:118:9-122:64
	android:screenOrientation
		ADDED from examples\ChatDemoUI3.0\AndroidManifest.xml:120:13-49
	android:windowSoftInputMode
		ADDED from examples\ChatDemoUI3.0\AndroidManifest.xml:122:13-52
	android:theme
		ADDED from examples\ChatDemoUI3.0\AndroidManifest.xml:121:13-52
	android:name
		ADDED from examples\ChatDemoUI3.0\AndroidManifest.xml:119:13-48
activity#com.hyphenate.chatuidemo.ui.ExitGroupDialog
ADDED from examples\ChatDemoUI3.0\AndroidManifest.xml:124:9-127:67
	android:screenOrientation
		ADDED from examples\ChatDemoUI3.0\AndroidManifest.xml:126:13-49
	android:theme
		ADDED from examples\ChatDemoUI3.0\AndroidManifest.xml:127:13-55
	android:name
		ADDED from examples\ChatDemoUI3.0\AndroidManifest.xml:125:13-47
activity#com.hyphenate.chatuidemo.ui.GroupPickContactsActivity
ADDED from examples\ChatDemoUI3.0\AndroidManifest.xml:129:9-133:64
	android:screenOrientation
		ADDED from examples\ChatDemoUI3.0\AndroidManifest.xml:131:13-49
	android:windowSoftInputMode
		ADDED from examples\ChatDemoUI3.0\AndroidManifest.xml:133:13-52
	android:theme
		ADDED from examples\ChatDemoUI3.0\AndroidManifest.xml:132:13-52
	android:name
		ADDED from examples\ChatDemoUI3.0\AndroidManifest.xml:130:13-57
activity#com.hyphenate.chatuidemo.ui.PickAtUserActivity
ADDED from examples\ChatDemoUI3.0\AndroidManifest.xml:134:9-137:55
	android:screenOrientation
		ADDED from examples\ChatDemoUI3.0\AndroidManifest.xml:136:13-49
	android:theme
		ADDED from examples\ChatDemoUI3.0\AndroidManifest.xml:137:13-52
	android:name
		ADDED from examples\ChatDemoUI3.0\AndroidManifest.xml:135:13-50
activity#com.hyphenate.easeui.ui.EaseBaiduMapActivity
ADDED from examples\ChatDemoUI3.0\AndroidManifest.xml:139:9-142:64
	android:screenOrientation
		ADDED from examples\ChatDemoUI3.0\AndroidManifest.xml:141:13-49
	android:theme
		ADDED from examples\ChatDemoUI3.0\AndroidManifest.xml:142:13-52
	android:name
		ADDED from examples\ChatDemoUI3.0\AndroidManifest.xml:140:13-72
activity#com.hyphenate.chatuidemo.ui.NewFriendsMsgActivity
ADDED from examples\ChatDemoUI3.0\AndroidManifest.xml:145:9-148:64
	android:screenOrientation
		ADDED from examples\ChatDemoUI3.0\AndroidManifest.xml:147:13-49
	android:theme
		ADDED from examples\ChatDemoUI3.0\AndroidManifest.xml:148:13-52
	android:name
		ADDED from examples\ChatDemoUI3.0\AndroidManifest.xml:146:13-53
activity#com.hyphenate.chatuidemo.ui.ForwardMessageActivity
ADDED from examples\ChatDemoUI3.0\AndroidManifest.xml:150:9-154:64
	android:screenOrientation
		ADDED from examples\ChatDemoUI3.0\AndroidManifest.xml:152:13-49
	android:windowSoftInputMode
		ADDED from examples\ChatDemoUI3.0\AndroidManifest.xml:154:13-52
	android:theme
		ADDED from examples\ChatDemoUI3.0\AndroidManifest.xml:153:13-52
	android:name
		ADDED from examples\ChatDemoUI3.0\AndroidManifest.xml:151:13-54
activity#com.hyphenate.chatuidemo.ui.ContextMenuActivity
ADDED from examples\ChatDemoUI3.0\AndroidManifest.xml:156:9-159:61
	android:screenOrientation
		ADDED from examples\ChatDemoUI3.0\AndroidManifest.xml:158:13-49
	android:theme
		ADDED from examples\ChatDemoUI3.0\AndroidManifest.xml:159:13-49
	android:name
		ADDED from examples\ChatDemoUI3.0\AndroidManifest.xml:157:13-51
activity#com.hyphenate.easeui.ui.EaseShowBigImageActivity
ADDED from examples\ChatDemoUI3.0\AndroidManifest.xml:161:9-164:64
	android:screenOrientation
		ADDED from examples\ChatDemoUI3.0\AndroidManifest.xml:163:13-49
	android:theme
		ADDED from examples\ChatDemoUI3.0\AndroidManifest.xml:164:13-52
	android:name
		ADDED from examples\ChatDemoUI3.0\AndroidManifest.xml:162:13-76
activity#com.hyphenate.easeui.ui.EaseShowNormalFileActivity
ADDED from examples\ChatDemoUI3.0\AndroidManifest.xml:166:9-169:64
	android:screenOrientation
		ADDED from examples\ChatDemoUI3.0\AndroidManifest.xml:168:13-49
	android:theme
		ADDED from examples\ChatDemoUI3.0\AndroidManifest.xml:169:13-52
	android:name
		ADDED from examples\ChatDemoUI3.0\AndroidManifest.xml:167:13-78
activity#com.hyphenate.chatuidemo.ui.BlacklistActivity
ADDED from examples\ChatDemoUI3.0\AndroidManifest.xml:171:9-174:64
	android:screenOrientation
		ADDED from examples\ChatDemoUI3.0\AndroidManifest.xml:173:13-49
	android:theme
		ADDED from examples\ChatDemoUI3.0\AndroidManifest.xml:174:13-52
	android:name
		ADDED from examples\ChatDemoUI3.0\AndroidManifest.xml:172:13-49
activity#com.hyphenate.chatuidemo.ui.PublicGroupsActivity
ADDED from examples\ChatDemoUI3.0\AndroidManifest.xml:177:9-181:64
	android:screenOrientation
		ADDED from examples\ChatDemoUI3.0\AndroidManifest.xml:179:13-49
	android:windowSoftInputMode
		ADDED from examples\ChatDemoUI3.0\AndroidManifest.xml:181:13-52
	android:theme
		ADDED from examples\ChatDemoUI3.0\AndroidManifest.xml:180:13-52
	android:name
		ADDED from examples\ChatDemoUI3.0\AndroidManifest.xml:178:13-52
activity#com.hyphenate.chatuidemo.ui.PublicChatRoomsActivity
ADDED from examples\ChatDemoUI3.0\AndroidManifest.xml:182:9-186:64
	android:screenOrientation
		ADDED from examples\ChatDemoUI3.0\AndroidManifest.xml:184:13-49
	android:windowSoftInputMode
		ADDED from examples\ChatDemoUI3.0\AndroidManifest.xml:186:13-52
	android:theme
		ADDED from examples\ChatDemoUI3.0\AndroidManifest.xml:185:13-52
	android:name
		ADDED from examples\ChatDemoUI3.0\AndroidManifest.xml:183:13-55
activity#com.hyphenate.chatuidemo.ui.VoiceCallActivity
ADDED from examples\ChatDemoUI3.0\AndroidManifest.xml:189:9-193:60
	android:screenOrientation
		ADDED from examples\ChatDemoUI3.0\AndroidManifest.xml:192:13-49
	android:launchMode
		ADDED from examples\ChatDemoUI3.0\AndroidManifest.xml:191:13-44
	android:theme
		ADDED from examples\ChatDemoUI3.0\AndroidManifest.xml:193:13-48
	android:name
		ADDED from examples\ChatDemoUI3.0\AndroidManifest.xml:190:13-49
activity#com.hyphenate.chatuidemo.ui.Xieyi
ADDED from examples\ChatDemoUI3.0\AndroidManifest.xml:196:9-200:60
	android:screenOrientation
		ADDED from examples\ChatDemoUI3.0\AndroidManifest.xml:199:13-49
	android:launchMode
		ADDED from examples\ChatDemoUI3.0\AndroidManifest.xml:198:13-44
	android:theme
		ADDED from examples\ChatDemoUI3.0\AndroidManifest.xml:200:13-48
	android:name
		ADDED from examples\ChatDemoUI3.0\AndroidManifest.xml:197:13-37
activity#com.hyphenate.chatuidemo.ui.VideoCallActivity
ADDED from examples\ChatDemoUI3.0\AndroidManifest.xml:202:9-207:64
	android:screenOrientation
		ADDED from examples\ChatDemoUI3.0\AndroidManifest.xml:206:13-49
	android:launchMode
		ADDED from examples\ChatDemoUI3.0\AndroidManifest.xml:205:13-44
	android:configChanges
		ADDED from examples\ChatDemoUI3.0\AndroidManifest.xml:204:13-74
	android:theme
		ADDED from examples\ChatDemoUI3.0\AndroidManifest.xml:207:13-52
	android:name
		ADDED from examples\ChatDemoUI3.0\AndroidManifest.xml:203:13-49
activity#com.hyphenate.chatuidemo.ui.GroupSimpleDetailActivity
ADDED from examples\ChatDemoUI3.0\AndroidManifest.xml:209:9-212:64
	android:screenOrientation
		ADDED from examples\ChatDemoUI3.0\AndroidManifest.xml:211:13-49
	android:theme
		ADDED from examples\ChatDemoUI3.0\AndroidManifest.xml:212:13-52
	android:name
		ADDED from examples\ChatDemoUI3.0\AndroidManifest.xml:210:13-57
activity#com.hyphenate.chatuidemo.ui.GroupBlacklistActivity
ADDED from examples\ChatDemoUI3.0\AndroidManifest.xml:214:9-217:64
	android:screenOrientation
		ADDED from examples\ChatDemoUI3.0\AndroidManifest.xml:216:13-49
	android:theme
		ADDED from examples\ChatDemoUI3.0\AndroidManifest.xml:217:13-52
	android:name
		ADDED from examples\ChatDemoUI3.0\AndroidManifest.xml:215:13-54
activity#com.hyphenate.chatuidemo.ui.GroupSearchMessageActivity
ADDED from examples\ChatDemoUI3.0\AndroidManifest.xml:218:9-222:58
	android:screenOrientation
		ADDED from examples\ChatDemoUI3.0\AndroidManifest.xml:220:13-49
	android:windowSoftInputMode
		ADDED from examples\ChatDemoUI3.0\AndroidManifest.xml:222:13-55
	android:theme
		ADDED from examples\ChatDemoUI3.0\AndroidManifest.xml:221:13-52
	android:name
		ADDED from examples\ChatDemoUI3.0\AndroidManifest.xml:219:13-58
activity#com.hyphenate.chatuidemo.ui.PublicGroupsSeachActivity
ADDED from examples\ChatDemoUI3.0\AndroidManifest.xml:223:9-226:64
	android:screenOrientation
		ADDED from examples\ChatDemoUI3.0\AndroidManifest.xml:225:13-49
	android:theme
		ADDED from examples\ChatDemoUI3.0\AndroidManifest.xml:226:13-52
	android:name
		ADDED from examples\ChatDemoUI3.0\AndroidManifest.xml:224:13-57
activity#com.hyphenate.chatuidemo.ui.EditActivity
ADDED from examples\ChatDemoUI3.0\AndroidManifest.xml:227:9-231:67
	android:screenOrientation
		ADDED from examples\ChatDemoUI3.0\AndroidManifest.xml:229:13-49
	android:windowSoftInputMode
		ADDED from examples\ChatDemoUI3.0\AndroidManifest.xml:231:13-55
	android:theme
		ADDED from examples\ChatDemoUI3.0\AndroidManifest.xml:230:13-52
	android:name
		ADDED from examples\ChatDemoUI3.0\AndroidManifest.xml:228:13-44
activity#com.hyphenate.easeui.ui.EaseShowVideoActivity
ADDED from examples\ChatDemoUI3.0\AndroidManifest.xml:232:9-236:72
	android:screenOrientation
		ADDED from examples\ChatDemoUI3.0\AndroidManifest.xml:234:13-49
	android:windowSoftInputMode
		ADDED from examples\ChatDemoUI3.0\AndroidManifest.xml:236:13-60
	android:theme
		ADDED from examples\ChatDemoUI3.0\AndroidManifest.xml:235:13-52
	android:name
		ADDED from examples\ChatDemoUI3.0\AndroidManifest.xml:233:13-73
activity#com.hyphenate.chatuidemo.ui.ImageGridActivity
ADDED from examples\ChatDemoUI3.0\AndroidManifest.xml:238:9-242:72
	android:screenOrientation
		ADDED from examples\ChatDemoUI3.0\AndroidManifest.xml:240:13-49
	android:windowSoftInputMode
		ADDED from examples\ChatDemoUI3.0\AndroidManifest.xml:242:13-60
	android:theme
		ADDED from examples\ChatDemoUI3.0\AndroidManifest.xml:241:13-52
	android:name
		ADDED from examples\ChatDemoUI3.0\AndroidManifest.xml:239:13-49
activity#com.hyphenate.chatuidemo.ui.RecorderVideoActivity
ADDED from examples\ChatDemoUI3.0\AndroidManifest.xml:243:9-247:72
	android:screenOrientation
		ADDED from examples\ChatDemoUI3.0\AndroidManifest.xml:245:13-49
	android:windowSoftInputMode
		ADDED from examples\ChatDemoUI3.0\AndroidManifest.xml:247:13-60
	android:theme
		ADDED from examples\ChatDemoUI3.0\AndroidManifest.xml:246:13-52
	android:name
		ADDED from examples\ChatDemoUI3.0\AndroidManifest.xml:244:13-53
activity#com.hyphenate.chatuidemo.ui.DiagnoseActivity
ADDED from examples\ChatDemoUI3.0\AndroidManifest.xml:249:9-253:72
	android:screenOrientation
		ADDED from examples\ChatDemoUI3.0\AndroidManifest.xml:251:13-49
	android:windowSoftInputMode
		ADDED from examples\ChatDemoUI3.0\AndroidManifest.xml:253:13-60
	android:theme
		ADDED from examples\ChatDemoUI3.0\AndroidManifest.xml:252:13-52
	android:name
		ADDED from examples\ChatDemoUI3.0\AndroidManifest.xml:250:13-48
activity#com.hyphenate.chatuidemo.ui.OfflinePushNickActivity
ADDED from examples\ChatDemoUI3.0\AndroidManifest.xml:256:9-260:72
	android:screenOrientation
		ADDED from examples\ChatDemoUI3.0\AndroidManifest.xml:258:13-49
	android:windowSoftInputMode
		ADDED from examples\ChatDemoUI3.0\AndroidManifest.xml:260:13-60
	android:theme
		ADDED from examples\ChatDemoUI3.0\AndroidManifest.xml:259:13-52
	android:name
		ADDED from examples\ChatDemoUI3.0\AndroidManifest.xml:257:13-55
activity#com.hyphenate.chatuidemo.ui.RobotsActivity
ADDED from examples\ChatDemoUI3.0\AndroidManifest.xml:262:9-266:63
	android:screenOrientation
		ADDED from examples\ChatDemoUI3.0\AndroidManifest.xml:264:13-49
	android:windowSoftInputMode
		ADDED from examples\ChatDemoUI3.0\AndroidManifest.xml:266:13-60
	android:theme
		ADDED from examples\ChatDemoUI3.0\AndroidManifest.xml:265:13-52
	android:name
		ADDED from examples\ChatDemoUI3.0\AndroidManifest.xml:263:13-46
activity#com.hyphenate.chatuidemo.ui.UserProfileActivity
ADDED from examples\ChatDemoUI3.0\AndroidManifest.xml:268:9-271:55
	android:screenOrientation
		ADDED from examples\ChatDemoUI3.0\AndroidManifest.xml:270:13-49
	android:theme
		ADDED from examples\ChatDemoUI3.0\AndroidManifest.xml:271:13-52
	android:name
		ADDED from examples\ChatDemoUI3.0\AndroidManifest.xml:269:13-51
activity#com.hyphenate.chatuidemo.ui.SetServersActivity
ADDED from examples\ChatDemoUI3.0\AndroidManifest.xml:273:9-276:15
	android:screenOrientation
		ADDED from examples\ChatDemoUI3.0\AndroidManifest.xml:274:13-49
	android:theme
		ADDED from examples\ChatDemoUI3.0\AndroidManifest.xml:275:13-52
	android:name
		ADDED from examples\ChatDemoUI3.0\AndroidManifest.xml:273:19-56
activity#com.easemob.redpacketui.ui.activity.RPRedPacketActivity
ADDED from examples\ChatDemoUI3.0\AndroidManifest.xml:280:9-284:68
	android:screenOrientation
		ADDED from examples\ChatDemoUI3.0\AndroidManifest.xml:282:13-49
	android:windowSoftInputMode
		ADDED from examples\ChatDemoUI3.0\AndroidManifest.xml:284:13-65
	android:theme
		ADDED from examples\ChatDemoUI3.0\AndroidManifest.xml:283:13-52
	android:name
		ADDED from examples\ChatDemoUI3.0\AndroidManifest.xml:281:13-83
activity#com.easemob.redpacketui.ui.activity.RPDetailActivity
ADDED from examples\ChatDemoUI3.0\AndroidManifest.xml:286:9-290:55
	android:screenOrientation
		ADDED from examples\ChatDemoUI3.0\AndroidManifest.xml:288:13-49
	android:windowSoftInputMode
		ADDED from examples\ChatDemoUI3.0\AndroidManifest.xml:290:13-52
	android:theme